<?xml version="1.0" encoding="UTF-8"?>
<testsuite xmlns:xsi="http://www.w3.org/2001/XMLSchema-instance" xsi:noNamespaceSchemaLocation="https://maven.apache.org/surefire/maven-surefire-plugin/xsd/surefire-test-report.xsd" version="3.0.2" name="com.sailsnap.backend.BackendApplicationTests" time="1.554" tests="1" errors="0" skipped="0" failures="0">
  <properties>
    <property name="java.specification.version" value="21"/>
    <property name="sun.jnu.encoding" value="UTF-8"/>
    <property name="java.class.path" value="/home/pmelvin/Code/sailsnap-saas/src/backend/target/test-classes:/home/pmelvin/Code/sailsnap-saas/src/backend/target/classes:/home/pmelvin/.m2/repository/org/springframework/boot/spring-boot-starter-data-jpa/3.5.3/spring-boot-starter-data-jpa-3.5.3.jar:/home/pmelvin/.m2/repository/org/springframework/boot/spring-boot-starter/3.5.3/spring-boot-starter-3.5.3.jar:/home/pmelvin/.m2/repository/org/springframework/boot/spring-boot-starter-logging/3.5.3/spring-boot-starter-logging-3.5.3.jar:/home/pmelvin/.m2/repository/ch/qos/logback/logback-classic/1.5.18/logback-classic-1.5.18.jar:/home/pmelvin/.m2/repository/ch/qos/logback/logback-core/1.5.18/logback-core-1.5.18.jar:/home/pmelvin/.m2/repository/org/apache/logging/log4j/log4j-to-slf4j/2.24.3/log4j-to-slf4j-2.24.3.jar:/home/pmelvin/.m2/repository/org/slf4j/jul-to-slf4j/2.0.17/jul-to-slf4j-2.0.17.jar:/home/pmelvin/.m2/repository/jakarta/annotation/jakarta.annotation-api/2.1.1/jakarta.annotation-api-2.1.1.jar:/home/pmelvin/.m2/repository/org/yaml/snakeyaml/2.4/snakeyaml-2.4.jar:/home/pmelvin/.m2/repository/org/springframework/boot/spring-boot-starter-jdbc/3.5.3/spring-boot-starter-jdbc-3.5.3.jar:/home/pmelvin/.m2/repository/com/zaxxer/HikariCP/6.3.0/HikariCP-6.3.0.jar:/home/pmelvin/.m2/repository/org/springframework/spring-jdbc/6.2.8/spring-jdbc-6.2.8.jar:/home/pmelvin/.m2/repository/org/hibernate/orm/hibernate-core/6.6.18.Final/hibernate-core-6.6.18.Final.jar:/home/pmelvin/.m2/repository/jakarta/persistence/jakarta.persistence-api/3.1.0/jakarta.persistence-api-3.1.0.jar:/home/pmelvin/.m2/repository/jakarta/transaction/jakarta.transaction-api/2.0.1/jakarta.transaction-api-2.0.1.jar:/home/pmelvin/.m2/repository/org/jboss/logging/jboss-logging/3.6.1.Final/jboss-logging-3.6.1.Final.jar:/home/pmelvin/.m2/repository/org/hibernate/common/hibernate-commons-annotations/7.0.3.Final/hibernate-commons-annotations-7.0.3.Final.jar:/home/pmelvin/.m2/repository/io/smallrye/jandex/3.2.0/jandex-3.2.0.jar:/home/pmelvin/.m2/repository/com/fasterxml/classmate/1.7.0/classmate-1.7.0.jar:/home/pmelvin/.m2/repository/net/bytebuddy/byte-buddy/1.17.6/byte-buddy-1.17.6.jar:/home/pmelvin/.m2/repository/org/glassfish/jaxb/jaxb-runtime/4.0.5/jaxb-runtime-4.0.5.jar:/home/pmelvin/.m2/repository/org/glassfish/jaxb/jaxb-core/4.0.5/jaxb-core-4.0.5.jar:/home/pmelvin/.m2/repository/org/eclipse/angus/angus-activation/2.0.2/angus-activation-2.0.2.jar:/home/pmelvin/.m2/repository/org/glassfish/jaxb/txw2/4.0.5/txw2-4.0.5.jar:/home/pmelvin/.m2/repository/com/sun/istack/istack-commons-runtime/4.1.2/istack-commons-runtime-4.1.2.jar:/home/pmelvin/.m2/repository/jakarta/inject/jakarta.inject-api/2.0.1/jakarta.inject-api-2.0.1.jar:/home/pmelvin/.m2/repository/org/antlr/antlr4-runtime/4.13.0/antlr4-runtime-4.13.0.jar:/home/pmelvin/.m2/repository/org/springframework/data/spring-data-jpa/3.5.1/spring-data-jpa-3.5.1.jar:/home/pmelvin/.m2/repository/org/springframework/data/spring-data-commons/3.5.1/spring-data-commons-3.5.1.jar:/home/pmelvin/.m2/repository/org/springframework/spring-orm/6.2.8/spring-orm-6.2.8.jar:/home/pmelvin/.m2/repository/org/springframework/spring-context/6.2.8/spring-context-6.2.8.jar:/home/pmelvin/.m2/repository/org/springframework/spring-tx/6.2.8/spring-tx-6.2.8.jar:/home/pmelvin/.m2/repository/org/springframework/spring-beans/6.2.8/spring-beans-6.2.8.jar:/home/pmelvin/.m2/repository/org/slf4j/slf4j-api/2.0.17/slf4j-api-2.0.17.jar:/home/pmelvin/.m2/repository/org/springframework/spring-aspects/6.2.8/spring-aspects-6.2.8.jar:/home/pmelvin/.m2/repository/org/aspectj/aspectjweaver/1.9.24/aspectjweaver-1.9.24.jar:/home/pmelvin/.m2/repository/org/springframework/boot/spring-boot-starter-security/3.5.3/spring-boot-starter-security-3.5.3.jar:/home/pmelvin/.m2/repository/org/springframework/spring-aop/6.2.8/spring-aop-6.2.8.jar:/home/pmelvin/.m2/repository/org/springframework/security/spring-security-config/6.5.1/spring-security-config-6.5.1.jar:/home/pmelvin/.m2/repository/org/springframework/security/spring-security-web/6.5.1/spring-security-web-6.5.1.jar:/home/pmelvin/.m2/repository/org/springframework/spring-expression/6.2.8/spring-expression-6.2.8.jar:/home/pmelvin/.m2/repository/org/springframework/boot/spring-boot-starter-web/3.5.3/spring-boot-starter-web-3.5.3.jar:/home/pmelvin/.m2/repository/org/springframework/boot/spring-boot-starter-json/3.5.3/spring-boot-starter-json-3.5.3.jar:/home/pmelvin/.m2/repository/com/fasterxml/jackson/core/jackson-databind/2.19.1/jackson-databind-2.19.1.jar:/home/pmelvin/.m2/repository/com/fasterxml/jackson/core/jackson-annotations/2.19.1/jackson-annotations-2.19.1.jar:/home/pmelvin/.m2/repository/com/fasterxml/jackson/core/jackson-core/2.19.1/jackson-core-2.19.1.jar:/home/pmelvin/.m2/repository/com/fasterxml/jackson/datatype/jackson-datatype-jdk8/2.19.1/jackson-datatype-jdk8-2.19.1.jar:/home/pmelvin/.m2/repository/com/fasterxml/jackson/datatype/jackson-datatype-jsr310/2.19.1/jackson-datatype-jsr310-2.19.1.jar:/home/pmelvin/.m2/repository/com/fasterxml/jackson/module/jackson-module-parameter-names/2.19.1/jackson-module-parameter-names-2.19.1.jar:/home/pmelvin/.m2/repository/org/springframework/boot/spring-boot-starter-tomcat/3.5.3/spring-boot-starter-tomcat-3.5.3.jar:/home/pmelvin/.m2/repository/org/apache/tomcat/embed/tomcat-embed-core/10.1.42/tomcat-embed-core-10.1.42.jar:/home/pmelvin/.m2/repository/org/apache/tomcat/embed/tomcat-embed-el/10.1.42/tomcat-embed-el-10.1.42.jar:/home/pmelvin/.m2/repository/org/apache/tomcat/embed/tomcat-embed-websocket/10.1.42/tomcat-embed-websocket-10.1.42.jar:/home/pmelvin/.m2/repository/org/springframework/spring-web/6.2.8/spring-web-6.2.8.jar:/home/pmelvin/.m2/repository/io/micrometer/micrometer-observation/1.15.1/micrometer-observation-1.15.1.jar:/home/pmelvin/.m2/repository/io/micrometer/micrometer-commons/1.15.1/micrometer-commons-1.15.1.jar:/home/pmelvin/.m2/repository/org/springframework/spring-webmvc/6.2.8/spring-webmvc-6.2.8.jar:/home/pmelvin/.m2/repository/org/springframework/boot/spring-boot-starter-log4j2/3.5.3/spring-boot-starter-log4j2-3.5.3.jar:/home/pmelvin/.m2/repository/org/apache/logging/log4j/log4j-slf4j2-impl/2.24.3/log4j-slf4j2-impl-2.24.3.jar:/home/pmelvin/.m2/repository/org/apache/logging/log4j/log4j-api/2.24.3/log4j-api-2.24.3.jar:/home/pmelvin/.m2/repository/org/apache/logging/log4j/log4j-core/2.24.3/log4j-core-2.24.3.jar:/home/pmelvin/.m2/repository/org/apache/logging/log4j/log4j-jul/2.24.3/log4j-jul-2.24.3.jar:/home/pmelvin/.m2/repository/org/projectlombok/lombok/1.18.38/lombok-1.18.38.jar:/home/pmelvin/.m2/repository/org/springframework/boot/spring-boot-devtools/3.5.3/spring-boot-devtools-3.5.3.jar:/home/pmelvin/.m2/repository/org/springframework/boot/spring-boot/3.5.3/spring-boot-3.5.3.jar:/home/pmelvin/.m2/repository/org/springframework/boot/spring-boot-autoconfigure/3.5.3/spring-boot-autoconfigure-3.5.3.jar:/home/pmelvin/.m2/repository/org/postgresql/postgresql/42.7.7/postgresql-42.7.7.jar:/home/pmelvin/.m2/repository/org/checkerframework/checker-qual/3.49.3/checker-qual-3.49.3.jar:/home/pmelvin/.m2/repository/org/springframework/boot/spring-boot-configuration-processor/3.5.3/spring-boot-configuration-processor-3.5.3.jar:/home/pmelvin/.m2/repository/org/springframework/boot/spring-boot-starter-test/3.5.3/spring-boot-starter-test-3.5.3.jar:/home/pmelvin/.m2/repository/org/springframework/boot/spring-boot-test/3.5.3/spring-boot-test-3.5.3.jar:/home/pmelvin/.m2/repository/org/springframework/boot/spring-boot-test-autoconfigure/3.5.3/spring-boot-test-autoconfigure-3.5.3.jar:/home/pmelvin/.m2/repository/com/jayway/jsonpath/json-path/2.9.0/json-path-2.9.0.jar:/home/pmelvin/.m2/repository/jakarta/xml/bind/jakarta.xml.bind-api/4.0.2/jakarta.xml.bind-api-4.0.2.jar:/home/pmelvin/.m2/repository/jakarta/activation/jakarta.activation-api/2.1.3/jakarta.activation-api-2.1.3.jar:/home/pmelvin/.m2/repository/net/minidev/json-smart/2.5.2/json-smart-2.5.2.jar:/home/pmelvin/.m2/repository/net/minidev/accessors-smart/2.5.2/accessors-smart-2.5.2.jar:/home/pmelvin/.m2/repository/org/ow2/asm/asm/9.7.1/asm-9.7.1.jar:/home/pmelvin/.m2/repository/org/assertj/assertj-core/3.27.3/assertj-core-3.27.3.jar:/home/pmelvin/.m2/repository/org/awaitility/awaitility/4.2.2/awaitility-4.2.2.jar:/home/pmelvin/.m2/repository/org/hamcrest/hamcrest/3.0/hamcrest-3.0.jar:/home/pmelvin/.m2/repository/org/junit/jupiter/junit-jupiter/5.12.2/junit-jupiter-5.12.2.jar:/home/pmelvin/.m2/repository/org/junit/jupiter/junit-jupiter-api/5.12.2/junit-jupiter-api-5.12.2.jar:/home/pmelvin/.m2/repository/org/opentest4j/opentest4j/1.3.0/opentest4j-1.3.0.jar:/home/pmelvin/.m2/repository/org/junit/platform/junit-platform-commons/1.12.2/junit-platform-commons-1.12.2.jar:/home/pmelvin/.m2/repository/org/apiguardian/apiguardian-api/1.1.2/apiguardian-api-1.1.2.jar:/home/pmelvin/.m2/repository/org/junit/jupiter/junit-jupiter-params/5.12.2/junit-jupiter-params-5.12.2.jar:/home/pmelvin/.m2/repository/org/junit/jupiter/junit-jupiter-engine/5.12.2/junit-jupiter-engine-5.12.2.jar:/home/pmelvin/.m2/repository/org/junit/platform/junit-platform-engine/1.12.2/junit-platform-engine-1.12.2.jar:/home/pmelvin/.m2/repository/org/mockito/mockito-core/5.17.0/mockito-core-5.17.0.jar:/home/pmelvin/.m2/repository/net/bytebuddy/byte-buddy-agent/1.17.6/byte-buddy-agent-1.17.6.jar:/home/pmelvin/.m2/repository/org/objenesis/objenesis/3.3/objenesis-3.3.jar:/home/pmelvin/.m2/repository/org/mockito/mockito-junit-jupiter/5.17.0/mockito-junit-jupiter-5.17.0.jar:/home/pmelvin/.m2/repository/org/skyscreamer/jsonassert/1.5.3/jsonassert-1.5.3.jar:/home/pmelvin/.m2/repository/com/vaadin/external/google/android-json/0.0.20131108.vaadin1/android-json-0.0.20131108.vaadin1.jar:/home/pmelvin/.m2/repository/org/springframework/spring-core/6.2.8/spring-core-6.2.8.jar:/home/pmelvin/.m2/repository/org/springframework/spring-jcl/6.2.8/spring-jcl-6.2.8.jar:/home/pmelvin/.m2/repository/org/springframework/spring-test/6.2.8/spring-test-6.2.8.jar:/home/pmelvin/.m2/repository/org/xmlunit/xmlunit-core/2.10.2/xmlunit-core-2.10.2.jar:/home/pmelvin/.m2/repository/org/springframework/security/spring-security-test/6.5.1/spring-security-test-6.5.1.jar:/home/pmelvin/.m2/repository/org/springframework/security/spring-security-core/6.5.1/spring-security-core-6.5.1.jar:/home/pmelvin/.m2/repository/org/springframework/security/spring-security-crypto/6.5.1/spring-security-crypto-6.5.1.jar:/home/pmelvin/.m2/repository/software/amazon/awssdk/s3/2.25.17/s3-2.25.17.jar:/home/pmelvin/.m2/repository/software/amazon/awssdk/aws-xml-protocol/2.25.17/aws-xml-protocol-2.25.17.jar:/home/pmelvin/.m2/repository/software/amazon/awssdk/protocol-core/2.25.17/protocol-core-2.25.17.jar:/home/pmelvin/.m2/repository/software/amazon/awssdk/arns/2.25.17/arns-2.25.17.jar:/home/pmelvin/.m2/repository/software/amazon/awssdk/profiles/2.25.17/profiles-2.25.17.jar:/home/pmelvin/.m2/repository/software/amazon/awssdk/crt-core/2.25.17/crt-core-2.25.17.jar:/home/pmelvin/.m2/repository/software/amazon/awssdk/http-auth/2.25.17/http-auth-2.25.17.jar:/home/pmelvin/.m2/repository/software/amazon/awssdk/identity-spi/2.25.17/identity-spi-2.25.17.jar:/home/pmelvin/.m2/repository/software/amazon/awssdk/http-auth-spi/2.25.17/http-auth-spi-2.25.17.jar:/home/pmelvin/.m2/repository/org/reactivestreams/reactive-streams/1.0.4/reactive-streams-1.0.4.jar:/home/pmelvin/.m2/repository/software/amazon/awssdk/http-auth-aws/2.25.17/http-auth-aws-2.25.17.jar:/home/pmelvin/.m2/repository/software/amazon/awssdk/checksums/2.25.17/checksums-2.25.17.jar:/home/pmelvin/.m2/repository/software/amazon/awssdk/checksums-spi/2.25.17/checksums-spi-2.25.17.jar:/home/pmelvin/.m2/repository/software/amazon/awssdk/sdk-core/2.25.17/sdk-core-2.25.17.jar:/home/pmelvin/.m2/repository/software/amazon/awssdk/auth/2.25.17/auth-2.25.17.jar:/home/pmelvin/.m2/repository/software/amazon/eventstream/eventstream/1.0.1/eventstream-1.0.1.jar:/home/pmelvin/.m2/repository/software/amazon/awssdk/http-client-spi/2.25.17/http-client-spi-2.25.17.jar:/home/pmelvin/.m2/repository/software/amazon/awssdk/regions/2.25.17/regions-2.25.17.jar:/home/pmelvin/.m2/repository/software/amazon/awssdk/annotations/2.25.17/annotations-2.25.17.jar:/home/pmelvin/.m2/repository/software/amazon/awssdk/utils/2.25.17/utils-2.25.17.jar:/home/pmelvin/.m2/repository/software/amazon/awssdk/aws-core/2.25.17/aws-core-2.25.17.jar:/home/pmelvin/.m2/repository/software/amazon/awssdk/metrics-spi/2.25.17/metrics-spi-2.25.17.jar:/home/pmelvin/.m2/repository/software/amazon/awssdk/json-utils/2.25.17/json-utils-2.25.17.jar:/home/pmelvin/.m2/repository/software/amazon/awssdk/third-party-jackson-core/2.25.17/third-party-jackson-core-2.25.17.jar:/home/pmelvin/.m2/repository/software/amazon/awssdk/endpoints-spi/2.25.17/endpoints-spi-2.25.17.jar:/home/pmelvin/.m2/repository/software/amazon/awssdk/apache-client/2.25.17/apache-client-2.25.17.jar:/home/pmelvin/.m2/repository/org/apache/httpcomponents/httpclient/4.5.13/httpclient-4.5.13.jar:/home/pmelvin/.m2/repository/commons-logging/commons-logging/1.2/commons-logging-1.2.jar:/home/pmelvin/.m2/repository/org/apache/httpcomponents/httpcore/4.4.16/httpcore-4.4.16.jar:/home/pmelvin/.m2/repository/commons-codec/commons-codec/1.18.0/commons-codec-1.18.0.jar:/home/pmelvin/.m2/repository/software/amazon/awssdk/netty-nio-client/2.25.17/netty-nio-client-2.25.17.jar:/home/pmelvin/.m2/repository/io/netty/netty-codec-http/4.1.122.Final/netty-codec-http-4.1.122.Final.jar:/home/pmelvin/.m2/repository/io/netty/netty-codec-http2/4.1.122.Final/netty-codec-http2-4.1.122.Final.jar:/home/pmelvin/.m2/repository/io/netty/netty-codec/4.1.122.Final/netty-codec-4.1.122.Final.jar:/home/pmelvin/.m2/repository/io/netty/netty-transport/4.1.122.Final/netty-transport-4.1.122.Final.jar:/home/pmelvin/.m2/repository/io/netty/netty-common/4.1.122.Final/netty-common-4.1.122.Final.jar:/home/pmelvin/.m2/repository/io/netty/netty-buffer/4.1.122.Final/netty-buffer-4.1.122.Final.jar:/home/pmelvin/.m2/repository/io/netty/netty-handler/4.1.122.Final/netty-handler-4.1.122.Final.jar:/home/pmelvin/.m2/repository/io/netty/netty-transport-native-unix-common/4.1.122.Final/netty-transport-native-unix-common-4.1.122.Final.jar:/home/pmelvin/.m2/repository/io/netty/netty-transport-classes-epoll/4.1.122.Final/netty-transport-classes-epoll-4.1.122.Final.jar:/home/pmelvin/.m2/repository/io/netty/netty-resolver/4.1.122.Final/netty-resolver-4.1.122.Final.jar:/home/pmelvin/.m2/repository/software/amazon/awssdk/ses/2.25.17/ses-2.25.17.jar:/home/pmelvin/.m2/repository/software/amazon/awssdk/aws-query-protocol/2.25.17/aws-query-protocol-2.25.17.jar:"/>
    <property name="java.vm.vendor" value="Ubuntu"/>
    <property name="sun.arch.data.model" value="64"/>
    <property name="java.vendor.url" value="https://ubuntu.com/"/>
    <property name="user.timezone" value="America/Vancouver"/>
    <property name="org.jboss.logging.provider" value="slf4j"/>
    <property name="os.name" value="Linux"/>
    <property name="java.vm.specification.version" value="21"/>
    <property name="APPLICATION_NAME" value="backend"/>
    <property name="sun.java.launcher" value="SUN_STANDARD"/>
    <property name="user.country" value="US"/>
    <property name="sun.boot.library.path" value="/usr/lib/jvm/java-21-openjdk-amd64/lib"/>
    <property name="sun.java.command" value="/home/pmelvin/Code/sailsnap-saas/src/backend/target/surefire/surefirebooter-20250718200717508_3.jar /home/pmelvin/Code/sailsnap-saas/src/backend/target/surefire 2025-07-18T20-07-17_468-jvmRun1 surefire-20250718200717508_1tmp surefire_0-20250718200717508_2tmp"/>
    <property name="jdk.debug" value="release"/>
    <property name="surefire.test.class.path" value="/home/pmelvin/Code/sailsnap-saas/src/backend/target/test-classes:/home/pmelvin/Code/sailsnap-saas/src/backend/target/classes:/home/pmelvin/.m2/repository/org/springframework/boot/spring-boot-starter-data-jpa/3.5.3/spring-boot-starter-data-jpa-3.5.3.jar:/home/pmelvin/.m2/repository/org/springframework/boot/spring-boot-starter/3.5.3/spring-boot-starter-3.5.3.jar:/home/pmelvin/.m2/repository/org/springframework/boot/spring-boot-starter-logging/3.5.3/spring-boot-starter-logging-3.5.3.jar:/home/pmelvin/.m2/repository/ch/qos/logback/logback-classic/1.5.18/logback-classic-1.5.18.jar:/home/pmelvin/.m2/repository/ch/qos/logback/logback-core/1.5.18/logback-core-1.5.18.jar:/home/pmelvin/.m2/repository/org/apache/logging/log4j/log4j-to-slf4j/2.24.3/log4j-to-slf4j-2.24.3.jar:/home/pmelvin/.m2/repository/org/slf4j/jul-to-slf4j/2.0.17/jul-to-slf4j-2.0.17.jar:/home/pmelvin/.m2/repository/jakarta/annotation/jakarta.annotation-api/2.1.1/jakarta.annotation-api-2.1.1.jar:/home/pmelvin/.m2/repository/org/yaml/snakeyaml/2.4/snakeyaml-2.4.jar:/home/pmelvin/.m2/repository/org/springframework/boot/spring-boot-starter-jdbc/3.5.3/spring-boot-starter-jdbc-3.5.3.jar:/home/pmelvin/.m2/repository/com/zaxxer/HikariCP/6.3.0/HikariCP-6.3.0.jar:/home/pmelvin/.m2/repository/org/springframework/spring-jdbc/6.2.8/spring-jdbc-6.2.8.jar:/home/pmelvin/.m2/repository/org/hibernate/orm/hibernate-core/6.6.18.Final/hibernate-core-6.6.18.Final.jar:/home/pmelvin/.m2/repository/jakarta/persistence/jakarta.persistence-api/3.1.0/jakarta.persistence-api-3.1.0.jar:/home/pmelvin/.m2/repository/jakarta/transaction/jakarta.transaction-api/2.0.1/jakarta.transaction-api-2.0.1.jar:/home/pmelvin/.m2/repository/org/jboss/logging/jboss-logging/3.6.1.Final/jboss-logging-3.6.1.Final.jar:/home/pmelvin/.m2/repository/org/hibernate/common/hibernate-commons-annotations/7.0.3.Final/hibernate-commons-annotations-7.0.3.Final.jar:/home/pmelvin/.m2/repository/io/smallrye/jandex/3.2.0/jandex-3.2.0.jar:/home/pmelvin/.m2/repository/com/fasterxml/classmate/1.7.0/classmate-1.7.0.jar:/home/pmelvin/.m2/repository/net/bytebuddy/byte-buddy/1.17.6/byte-buddy-1.17.6.jar:/home/pmelvin/.m2/repository/org/glassfish/jaxb/jaxb-runtime/4.0.5/jaxb-runtime-4.0.5.jar:/home/pmelvin/.m2/repository/org/glassfish/jaxb/jaxb-core/4.0.5/jaxb-core-4.0.5.jar:/home/pmelvin/.m2/repository/org/eclipse/angus/angus-activation/2.0.2/angus-activation-2.0.2.jar:/home/pmelvin/.m2/repository/org/glassfish/jaxb/txw2/4.0.5/txw2-4.0.5.jar:/home/pmelvin/.m2/repository/com/sun/istack/istack-commons-runtime/4.1.2/istack-commons-runtime-4.1.2.jar:/home/pmelvin/.m2/repository/jakarta/inject/jakarta.inject-api/2.0.1/jakarta.inject-api-2.0.1.jar:/home/pmelvin/.m2/repository/org/antlr/antlr4-runtime/4.13.0/antlr4-runtime-4.13.0.jar:/home/pmelvin/.m2/repository/org/springframework/data/spring-data-jpa/3.5.1/spring-data-jpa-3.5.1.jar:/home/pmelvin/.m2/repository/org/springframework/data/spring-data-commons/3.5.1/spring-data-commons-3.5.1.jar:/home/pmelvin/.m2/repository/org/springframework/spring-orm/6.2.8/spring-orm-6.2.8.jar:/home/pmelvin/.m2/repository/org/springframework/spring-context/6.2.8/spring-context-6.2.8.jar:/home/pmelvin/.m2/repository/org/springframework/spring-tx/6.2.8/spring-tx-6.2.8.jar:/home/pmelvin/.m2/repository/org/springframework/spring-beans/6.2.8/spring-beans-6.2.8.jar:/home/pmelvin/.m2/repository/org/slf4j/slf4j-api/2.0.17/slf4j-api-2.0.17.jar:/home/pmelvin/.m2/repository/org/springframework/spring-aspects/6.2.8/spring-aspects-6.2.8.jar:/home/pmelvin/.m2/repository/org/aspectj/aspectjweaver/1.9.24/aspectjweaver-1.9.24.jar:/home/pmelvin/.m2/repository/org/springframework/boot/spring-boot-starter-security/3.5.3/spring-boot-starter-security-3.5.3.jar:/home/pmelvin/.m2/repository/org/springframework/spring-aop/6.2.8/spring-aop-6.2.8.jar:/home/pmelvin/.m2/repository/org/springframework/security/spring-security-config/6.5.1/spring-security-config-6.5.1.jar:/home/pmelvin/.m2/repository/org/springframework/security/spring-security-web/6.5.1/spring-security-web-6.5.1.jar:/home/pmelvin/.m2/repository/org/springframework/spring-expression/6.2.8/spring-expression-6.2.8.jar:/home/pmelvin/.m2/repository/org/springframework/boot/spring-boot-starter-web/3.5.3/spring-boot-starter-web-3.5.3.jar:/home/pmelvin/.m2/repository/org/springframework/boot/spring-boot-starter-json/3.5.3/spring-boot-starter-json-3.5.3.jar:/home/pmelvin/.m2/repository/com/fasterxml/jackson/core/jackson-databind/2.19.1/jackson-databind-2.19.1.jar:/home/pmelvin/.m2/repository/com/fasterxml/jackson/core/jackson-annotations/2.19.1/jackson-annotations-2.19.1.jar:/home/pmelvin/.m2/repository/com/fasterxml/jackson/core/jackson-core/2.19.1/jackson-core-2.19.1.jar:/home/pmelvin/.m2/repository/com/fasterxml/jackson/datatype/jackson-datatype-jdk8/2.19.1/jackson-datatype-jdk8-2.19.1.jar:/home/pmelvin/.m2/repository/com/fasterxml/jackson/datatype/jackson-datatype-jsr310/2.19.1/jackson-datatype-jsr310-2.19.1.jar:/home/pmelvin/.m2/repository/com/fasterxml/jackson/module/jackson-module-parameter-names/2.19.1/jackson-module-parameter-names-2.19.1.jar:/home/pmelvin/.m2/repository/org/springframework/boot/spring-boot-starter-tomcat/3.5.3/spring-boot-starter-tomcat-3.5.3.jar:/home/pmelvin/.m2/repository/org/apache/tomcat/embed/tomcat-embed-core/10.1.42/tomcat-embed-core-10.1.42.jar:/home/pmelvin/.m2/repository/org/apache/tomcat/embed/tomcat-embed-el/10.1.42/tomcat-embed-el-10.1.42.jar:/home/pmelvin/.m2/repository/org/apache/tomcat/embed/tomcat-embed-websocket/10.1.42/tomcat-embed-websocket-10.1.42.jar:/home/pmelvin/.m2/repository/org/springframework/spring-web/6.2.8/spring-web-6.2.8.jar:/home/pmelvin/.m2/repository/io/micrometer/micrometer-observation/1.15.1/micrometer-observation-1.15.1.jar:/home/pmelvin/.m2/repository/io/micrometer/micrometer-commons/1.15.1/micrometer-commons-1.15.1.jar:/home/pmelvin/.m2/repository/org/springframework/spring-webmvc/6.2.8/spring-webmvc-6.2.8.jar:/home/pmelvin/.m2/repository/org/springframework/boot/spring-boot-starter-log4j2/3.5.3/spring-boot-starter-log4j2-3.5.3.jar:/home/pmelvin/.m2/repository/org/apache/logging/log4j/log4j-slf4j2-impl/2.24.3/log4j-slf4j2-impl-2.24.3.jar:/home/pmelvin/.m2/repository/org/apache/logging/log4j/log4j-api/2.24.3/log4j-api-2.24.3.jar:/home/pmelvin/.m2/repository/org/apache/logging/log4j/log4j-core/2.24.3/log4j-core-2.24.3.jar:/home/pmelvin/.m2/repository/org/apache/logging/log4j/log4j-jul/2.24.3/log4j-jul-2.24.3.jar:/home/pmelvin/.m2/repository/org/projectlombok/lombok/1.18.38/lombok-1.18.38.jar:/home/pmelvin/.m2/repository/org/springframework/boot/spring-boot-devtools/3.5.3/spring-boot-devtools-3.5.3.jar:/home/pmelvin/.m2/repository/org/springframework/boot/spring-boot/3.5.3/spring-boot-3.5.3.jar:/home/pmelvin/.m2/repository/org/springframework/boot/spring-boot-autoconfigure/3.5.3/spring-boot-autoconfigure-3.5.3.jar:/home/pmelvin/.m2/repository/org/postgresql/postgresql/42.7.7/postgresql-42.7.7.jar:/home/pmelvin/.m2/repository/org/checkerframework/checker-qual/3.49.3/checker-qual-3.49.3.jar:/home/pmelvin/.m2/repository/org/springframework/boot/spring-boot-configuration-processor/3.5.3/spring-boot-configuration-processor-3.5.3.jar:/home/pmelvin/.m2/repository/org/springframework/boot/spring-boot-starter-test/3.5.3/spring-boot-starter-test-3.5.3.jar:/home/pmelvin/.m2/repository/org/springframework/boot/spring-boot-test/3.5.3/spring-boot-test-3.5.3.jar:/home/pmelvin/.m2/repository/org/springframework/boot/spring-boot-test-autoconfigure/3.5.3/spring-boot-test-autoconfigure-3.5.3.jar:/home/pmelvin/.m2/repository/com/jayway/jsonpath/json-path/2.9.0/json-path-2.9.0.jar:/home/pmelvin/.m2/repository/jakarta/xml/bind/jakarta.xml.bind-api/4.0.2/jakarta.xml.bind-api-4.0.2.jar:/home/pmelvin/.m2/repository/jakarta/activation/jakarta.activation-api/2.1.3/jakarta.activation-api-2.1.3.jar:/home/pmelvin/.m2/repository/net/minidev/json-smart/2.5.2/json-smart-2.5.2.jar:/home/pmelvin/.m2/repository/net/minidev/accessors-smart/2.5.2/accessors-smart-2.5.2.jar:/home/pmelvin/.m2/repository/org/ow2/asm/asm/9.7.1/asm-9.7.1.jar:/home/pmelvin/.m2/repository/org/assertj/assertj-core/3.27.3/assertj-core-3.27.3.jar:/home/pmelvin/.m2/repository/org/awaitility/awaitility/4.2.2/awaitility-4.2.2.jar:/home/pmelvin/.m2/repository/org/hamcrest/hamcrest/3.0/hamcrest-3.0.jar:/home/pmelvin/.m2/repository/org/junit/jupiter/junit-jupiter/5.12.2/junit-jupiter-5.12.2.jar:/home/pmelvin/.m2/repository/org/junit/jupiter/junit-jupiter-api/5.12.2/junit-jupiter-api-5.12.2.jar:/home/pmelvin/.m2/repository/org/opentest4j/opentest4j/1.3.0/opentest4j-1.3.0.jar:/home/pmelvin/.m2/repository/org/junit/platform/junit-platform-commons/1.12.2/junit-platform-commons-1.12.2.jar:/home/pmelvin/.m2/repository/org/apiguardian/apiguardian-api/1.1.2/apiguardian-api-1.1.2.jar:/home/pmelvin/.m2/repository/org/junit/jupiter/junit-jupiter-params/5.12.2/junit-jupiter-params-5.12.2.jar:/home/pmelvin/.m2/repository/org/junit/jupiter/junit-jupiter-engine/5.12.2/junit-jupiter-engine-5.12.2.jar:/home/pmelvin/.m2/repository/org/junit/platform/junit-platform-engine/1.12.2/junit-platform-engine-1.12.2.jar:/home/pmelvin/.m2/repository/org/mockito/mockito-core/5.17.0/mockito-core-5.17.0.jar:/home/pmelvin/.m2/repository/net/bytebuddy/byte-buddy-agent/1.17.6/byte-buddy-agent-1.17.6.jar:/home/pmelvin/.m2/repository/org/objenesis/objenesis/3.3/objenesis-3.3.jar:/home/pmelvin/.m2/repository/org/mockito/mockito-junit-jupiter/5.17.0/mockito-junit-jupiter-5.17.0.jar:/home/pmelvin/.m2/repository/org/skyscreamer/jsonassert/1.5.3/jsonassert-1.5.3.jar:/home/pmelvin/.m2/repository/com/vaadin/external/google/android-json/0.0.20131108.vaadin1/android-json-0.0.20131108.vaadin1.jar:/home/pmelvin/.m2/repository/org/springframework/spring-core/6.2.8/spring-core-6.2.8.jar:/home/pmelvin/.m2/repository/org/springframework/spring-jcl/6.2.8/spring-jcl-6.2.8.jar:/home/pmelvin/.m2/repository/org/springframework/spring-test/6.2.8/spring-test-6.2.8.jar:/home/pmelvin/.m2/repository/org/xmlunit/xmlunit-core/2.10.2/xmlunit-core-2.10.2.jar:/home/pmelvin/.m2/repository/org/springframework/security/spring-security-test/6.5.1/spring-security-test-6.5.1.jar:/home/pmelvin/.m2/repository/org/springframework/security/spring-security-core/6.5.1/spring-security-core-6.5.1.jar:/home/pmelvin/.m2/repository/org/springframework/security/spring-security-crypto/6.5.1/spring-security-crypto-6.5.1.jar:/home/pmelvin/.m2/repository/software/amazon/awssdk/s3/2.25.17/s3-2.25.17.jar:/home/pmelvin/.m2/repository/software/amazon/awssdk/aws-xml-protocol/2.25.17/aws-xml-protocol-2.25.17.jar:/home/pmelvin/.m2/repository/software/amazon/awssdk/protocol-core/2.25.17/protocol-core-2.25.17.jar:/home/pmelvin/.m2/repository/software/amazon/awssdk/arns/2.25.17/arns-2.25.17.jar:/home/pmelvin/.m2/repository/software/amazon/awssdk/profiles/2.25.17/profiles-2.25.17.jar:/home/pmelvin/.m2/repository/software/amazon/awssdk/crt-core/2.25.17/crt-core-2.25.17.jar:/home/pmelvin/.m2/repository/software/amazon/awssdk/http-auth/2.25.17/http-auth-2.25.17.jar:/home/pmelvin/.m2/repository/software/amazon/awssdk/identity-spi/2.25.17/identity-spi-2.25.17.jar:/home/pmelvin/.m2/repository/software/amazon/awssdk/http-auth-spi/2.25.17/http-auth-spi-2.25.17.jar:/home/pmelvin/.m2/repository/org/reactivestreams/reactive-streams/1.0.4/reactive-streams-1.0.4.jar:/home/pmelvin/.m2/repository/software/amazon/awssdk/http-auth-aws/2.25.17/http-auth-aws-2.25.17.jar:/home/pmelvin/.m2/repository/software/amazon/awssdk/checksums/2.25.17/checksums-2.25.17.jar:/home/pmelvin/.m2/repository/software/amazon/awssdk/checksums-spi/2.25.17/checksums-spi-2.25.17.jar:/home/pmelvin/.m2/repository/software/amazon/awssdk/sdk-core/2.25.17/sdk-core-2.25.17.jar:/home/pmelvin/.m2/repository/software/amazon/awssdk/auth/2.25.17/auth-2.25.17.jar:/home/pmelvin/.m2/repository/software/amazon/eventstream/eventstream/1.0.1/eventstream-1.0.1.jar:/home/pmelvin/.m2/repository/software/amazon/awssdk/http-client-spi/2.25.17/http-client-spi-2.25.17.jar:/home/pmelvin/.m2/repository/software/amazon/awssdk/regions/2.25.17/regions-2.25.17.jar:/home/pmelvin/.m2/repository/software/amazon/awssdk/annotations/2.25.17/annotations-2.25.17.jar:/home/pmelvin/.m2/repository/software/amazon/awssdk/utils/2.25.17/utils-2.25.17.jar:/home/pmelvin/.m2/repository/software/amazon/awssdk/aws-core/2.25.17/aws-core-2.25.17.jar:/home/pmelvin/.m2/repository/software/amazon/awssdk/metrics-spi/2.25.17/metrics-spi-2.25.17.jar:/home/pmelvin/.m2/repository/software/amazon/awssdk/json-utils/2.25.17/json-utils-2.25.17.jar:/home/pmelvin/.m2/repository/software/amazon/awssdk/third-party-jackson-core/2.25.17/third-party-jackson-core-2.25.17.jar:/home/pmelvin/.m2/repository/software/amazon/awssdk/endpoints-spi/2.25.17/endpoints-spi-2.25.17.jar:/home/pmelvin/.m2/repository/software/amazon/awssdk/apache-client/2.25.17/apache-client-2.25.17.jar:/home/pmelvin/.m2/repository/org/apache/httpcomponents/httpclient/4.5.13/httpclient-4.5.13.jar:/home/pmelvin/.m2/repository/commons-logging/commons-logging/1.2/commons-logging-1.2.jar:/home/pmelvin/.m2/repository/org/apache/httpcomponents/httpcore/4.4.16/httpcore-4.4.16.jar:/home/pmelvin/.m2/repository/commons-codec/commons-codec/1.18.0/commons-codec-1.18.0.jar:/home/pmelvin/.m2/repository/software/amazon/awssdk/netty-nio-client/2.25.17/netty-nio-client-2.25.17.jar:/home/pmelvin/.m2/repository/io/netty/netty-codec-http/4.1.122.Final/netty-codec-http-4.1.122.Final.jar:/home/pmelvin/.m2/repository/io/netty/netty-codec-http2/4.1.122.Final/netty-codec-http2-4.1.122.Final.jar:/home/pmelvin/.m2/repository/io/netty/netty-codec/4.1.122.Final/netty-codec-4.1.122.Final.jar:/home/pmelvin/.m2/repository/io/netty/netty-transport/4.1.122.Final/netty-transport-4.1.122.Final.jar:/home/pmelvin/.m2/repository/io/netty/netty-common/4.1.122.Final/netty-common-4.1.122.Final.jar:/home/pmelvin/.m2/repository/io/netty/netty-buffer/4.1.122.Final/netty-buffer-4.1.122.Final.jar:/home/pmelvin/.m2/repository/io/netty/netty-handler/4.1.122.Final/netty-handler-4.1.122.Final.jar:/home/pmelvin/.m2/repository/io/netty/netty-transport-native-unix-common/4.1.122.Final/netty-transport-native-unix-common-4.1.122.Final.jar:/home/pmelvin/.m2/repository/io/netty/netty-transport-classes-epoll/4.1.122.Final/netty-transport-classes-epoll-4.1.122.Final.jar:/home/pmelvin/.m2/repository/io/netty/netty-resolver/4.1.122.Final/netty-resolver-4.1.122.Final.jar:/home/pmelvin/.m2/repository/software/amazon/awssdk/ses/2.25.17/ses-2.25.17.jar:/home/pmelvin/.m2/repository/software/amazon/awssdk/aws-query-protocol/2.25.17/aws-query-protocol-2.25.17.jar:"/>
    <property name="sun.cpu.endian" value="little"/>
    <property name="user.home" value="/home/pmelvin"/>
    <property name="user.language" value="en"/>
    <property name="java.specification.vendor" value="Oracle Corporation"/>
    <property name="java.version.date" value="2025-04-15"/>
    <property name="java.home" value="/usr/lib/jvm/java-21-openjdk-amd64"/>
    <property name="file.separator" value="/"/>
    <property name="basedir" value="/home/pmelvin/Code/sailsnap-saas/src/backend"/>
    <property name="java.vm.compressedOopsMode" value="Zero based"/>
    <property name="line.separator" value="&#10;"/>
    <property name="java.vm.specification.vendor" value="Oracle Corporation"/>
    <property name="java.specification.name" value="Java Platform API Specification"/>
    <property name="FILE_LOG_CHARSET" value="UTF-8"/>
    <property name="java.awt.headless" value="true"/>
    <property name="surefire.real.class.path" value="/home/pmelvin/Code/sailsnap-saas/src/backend/target/surefire/surefirebooter-20250718200717508_3.jar"/>
    <property name="sun.management.compiler" value="HotSpot 64-Bit Tiered Compilers"/>
    <property name="java.runtime.version" value="21.0.7+6-Ubuntu-0ubuntu124.04"/>
    <property name="user.name" value="pmelvin"/>
    <property name="stdout.encoding" value="UTF-8"/>
    <property name="path.separator" value=":"/>
    <property name="os.version" value="6.11.0-29-generic"/>
    <property name="java.runtime.name" value="OpenJDK Runtime Environment"/>
    <property name="file.encoding" value="UTF-8"/>
    <property name="java.vm.name" value="OpenJDK 64-Bit Server VM"/>
    <property name="localRepository" value="/home/pmelvin/.m2/repository"/>
    <property name="java.vendor.url.bug" value="https://bugs.launchpad.net/ubuntu/+source/openjdk-21"/>
    <property name="java.io.tmpdir" value="/tmp"/>
    <property name="java.version" value="21.0.7"/>
    <property name="user.dir" value="/home/pmelvin/Code/sailsnap-saas/src/backend"/>
    <property name="os.arch" value="amd64"/>
    <property name="java.vm.specification.name" value="Java Virtual Machine Specification"/>
    <property name="PID" value="154893"/>
    <property name="CONSOLE_LOG_CHARSET" value="UTF-8"/>
    <property name="native.encoding" value="UTF-8"/>
    <property name="java.library.path" value="/usr/java/packages/lib:/usr/lib/x86_64-linux-gnu/jni:/lib/x86_64-linux-gnu:/usr/lib/x86_64-linux-gnu:/usr/lib/jni:/lib:/usr/lib"/>
    <property name="java.vm.info" value="mixed mode, sharing"/>
    <property name="stderr.encoding" value="UTF-8"/>
    <property name="java.vendor" value="Ubuntu"/>
    <property name="java.vm.version" value="21.0.7+6-Ubuntu-0ubuntu124.04"/>
    <property name="sun.io.unicode.encoding" value="UnicodeLittle"/>
    <property name="java.class.version" value="65.0"/>
    <property name="LOGGED_APPLICATION_NAME" value="[backend] "/>
  </properties>
  <testcase name="contextLoads" classname="com.sailsnap.backend.BackendApplicationTests" time="0.384">
    <system-out><![CDATA[20:07:17.927 [main] INFO org.springframework.test.context.support.AnnotationConfigContextLoaderUtils -- Could not detect default configuration classes for test class [com.sailsnap.backend.BackendApplicationTests]: BackendApplicationTests does not declare any static, non-private, non-final, nested classes annotated with @Configuration.
20:07:17.989 [main] INFO org.springframework.boot.test.context.SpringBootTestContextBootstrapper -- Found @SpringBootConfiguration com.sailsnap.backend.BackendApplication for test class com.sailsnap.backend.BackendApplicationTests
20:07:18.071 [main] INFO org.springframework.boot.devtools.restart.RestartApplicationListener -- Restart disabled due to context in which it is running

  .   ____          _            __ _ _
 /\\ / ___'_ __ _ _(_)_ __  __ _ \ \ \ \
( ( )\___ | '_ | '_| | '_ \/ _` | \ \ \ \
 \\/  ___)| |_)| | | | | || (_| |  ) ) ) )
  '  |____| .__|_| |_|_| |_\__, | / / / /
 =========|_|==============|___/=/_/_/_/

 :: Spring Boot ::                (v3.5.3)

2025-07-18T20:07:18.235-07:00  INFO 154893 --- [backend] [           main] c.s.backend.BackendApplicationTests      : Starting BackendApplicationTests using Java 21.0.7 with PID 154893 (started by pmelvin in /home/pmelvin/Code/sailsnap-saas/src/backend)
2025-07-18T20:07:18.236-07:00  INFO 154893 --- [backend] [           main] c.s.backend.BackendApplicationTests      : No active profile set, falling back to 1 default profile: "default"
2025-07-18T20:07:18.732-07:00  WARN 154893 --- [backend] [           main] .s.s.UserDetailsServiceAutoConfiguration : 

Using generated security password: 40872ca7-a1da-4b39-b571-f533b6231be5

This generated password is for development use only. Your security configuration must be updated before running your application in production.

2025-07-18T20:07:18.735-07:00  INFO 154893 --- [backend] [           main] r$InitializeUserDetailsManagerConfigurer : Global AuthenticationManager configured with UserDetailsService bean with name inMemoryUserDetailsManager
2025-07-18T20:07:19.004-07:00  INFO 154893 --- [backend] [           main] c.s.backend.BackendApplicationTests      : Started BackendApplicationTests in 0.94 seconds (process running for 1.459)
]]></system-out>
    <system-err><![CDATA[SLF4J(W): Class path contains multiple SLF4J providers.
SLF4J(W): Found provider [ch.qos.logback.classic.spi.LogbackServiceProvider@2118cddf]
SLF4J(W): Found provider [org.apache.logging.slf4j.SLF4JServiceProvider@17a7f733]
SLF4J(W): See https://www.slf4j.org/codes.html#multiple_bindings for an explanation.
SLF4J(I): Actual provider is of type [ch.qos.logback.classic.spi.LogbackServiceProvider@2118cddf]
Mockito is currently self-attaching to enable the inline-mock-maker. This will no longer work in future releases of the JDK. Please add Mockito as an agent to your build as described in Mockito's documentation: https://javadoc.io/doc/org.mockito/mockito-core/latest/org.mockito/org/mockito/Mockito.html#0.3
WARNING: A Java agent has been loaded dynamically (/home/pmelvin/.m2/repository/net/bytebuddy/byte-buddy-agent/1.17.6/byte-buddy-agent-1.17.6.jar)
WARNING: If a serviceability tool is in use, please run with -XX:+EnableDynamicAgentLoading to hide this warning
WARNING: If a serviceability tool is not in use, please run with -Djdk.instrument.traceUsage for more information
WARNING: Dynamic loading of agents will be disallowed by default in a future release
]]></system-err>
  </testcase>
</testsuite>